2025-08-19T17:51:15.660-05:00  INFO 40775 --- [vector-store-loader] [main] c.e.v.VectorStoreLoaderApplication       : Starting VectorStoreLoaderApplication using Java 24.0.1 with PID 40775 (/Users/erik/dev/projects/ai/manning-book/vector-store-loader/build/classes/java/main started by erik in /Users/erik/dev/projects/ai/manning-book/vector-store-loader)
2025-08-19T17:51:15.663-05:00  INFO 40775 --- [vector-store-loader] [main] c.e.v.VectorStoreLoaderApplication       : No active profile set, falling back to 1 default profile: "default"
2025-08-19T17:51:15.992-05:00  INFO 40775 --- [vector-store-loader] [main] faultConfiguringBeanFactoryPostProcessor : No bean named 'errorChannel' has been explicitly defined. Therefore, a default PublishSubscribeChannel will be created.
2025-08-19T17:51:15.997-05:00  INFO 40775 --- [vector-store-loader] [main] faultConfiguringBeanFactoryPostProcessor : No bean named 'integrationHeaderChannelRegistry' has been explicitly defined. Therefore, a default DefaultHeaderChannelRegistry will be created.
2025-08-19T17:51:16.130-05:00  INFO 40775 --- [vector-store-loader] [main] o.s.b.w.embedded.tomcat.TomcatWebServer  : Tomcat initialized with port 0 (http)
2025-08-19T17:51:16.136-05:00  INFO 40775 --- [vector-store-loader] [main] o.apache.catalina.core.StandardService   : Starting service [Tomcat]
2025-08-19T17:51:16.136-05:00  INFO 40775 --- [vector-store-loader] [main] o.apache.catalina.core.StandardEngine    : Starting Servlet engine: [Apache Tomcat/10.1.43]
2025-08-19T17:51:16.162-05:00  INFO 40775 --- [vector-store-loader] [main] o.a.c.c.C.[Tomcat].[localhost].[/]       : Initializing Spring embedded WebApplicationContext
2025-08-19T17:51:16.162-05:00  INFO 40775 --- [vector-store-loader] [main] w.s.c.ServletWebServerApplicationContext : Root WebApplicationContext: initialization completed in 483 ms
2025-08-19T17:51:16.709-05:00  WARN 40775 --- [vector-store-loader] [main] io.qdrant.client.QdrantGrpcClient        : Qdrant client version 1.13.0 is incompatible with server version 1.15.3. Major versions should match and minor version difference must not exceed 1. Set checkCompatibility=false to skip version check.
2025-08-19T17:51:17.018-05:00  INFO 40775 --- [vector-store-loader] [main] o.s.c.f.web.mvc.FunctionHandlerMapping   : FunctionCatalog: org.springframework.cloud.function.context.catalog.BeanFactoryAwareFunctionRegistry@6bd2c17f
2025-08-19T17:51:17.043-05:00  INFO 40775 --- [vector-store-loader] [main] o.s.i.endpoint.EventDrivenConsumer       : Adding {logging-channel-adapter:_org.springframework.integration.errorLogger} as a subscriber to the 'errorChannel' channel
2025-08-19T17:51:17.043-05:00  INFO 40775 --- [vector-store-loader] [main] o.s.i.channel.PublishSubscribeChannel    : Channel 'vector-store-loader.errorChannel' has 1 subscriber(s).
2025-08-19T17:51:17.043-05:00  INFO 40775 --- [vector-store-loader] [main] o.s.i.endpoint.EventDrivenConsumer       : started bean '_org.springframework.integration.errorLogger'
2025-08-19T17:51:17.048-05:00  INFO 40775 --- [vector-store-loader] [main] o.s.b.w.embedded.tomcat.TomcatWebServer  : Tomcat started on port 64925 (http) with context path '/'
2025-08-19T17:51:17.053-05:00  INFO 40775 --- [vector-store-loader] [main] c.e.v.VectorStoreLoaderApplication       : Started VectorStoreLoaderApplication in 1.559 seconds (process running for 1.707)
2025-08-19T17:51:57.121-05:00  INFO 40775 --- [vector-store-loader] [SpringApplicationShutdownHook] o.s.b.w.e.tomcat.GracefulShutdown        : Commencing graceful shutdown. Waiting for active requests to complete
2025-08-19T17:51:57.125-05:00  INFO 40775 --- [vector-store-loader] [tomcat-shutdown] o.s.b.w.e.tomcat.GracefulShutdown        : Graceful shutdown complete
2025-08-19T17:51:57.130-05:00  INFO 40775 --- [vector-store-loader] [SpringApplicationShutdownHook] o.s.i.endpoint.EventDrivenConsumer       : Removing {logging-channel-adapter:_org.springframework.integration.errorLogger} as a subscriber to the 'errorChannel' channel
2025-08-19T17:51:57.130-05:00  INFO 40775 --- [vector-store-loader] [SpringApplicationShutdownHook] o.s.i.channel.PublishSubscribeChannel    : Channel 'vector-store-loader.errorChannel' has 0 subscriber(s).
2025-08-19T17:51:57.131-05:00  INFO 40775 --- [vector-store-loader] [SpringApplicationShutdownHook] o.s.i.endpoint.EventDrivenConsumer       : stopped bean '_org.springframework.integration.errorLogger'
